02/25/19, 16:43:56, 4, 0, D:\Danuar's Files\Project Visual Basic\Perpustakaan\Perpustakaan\bin\Debug\Peminjaman.rpt:Invalid report version.
02/25/19, 16:43:56, 4, 0, D:\Danuar's Files\Project Visual Basic\Perpustakaan\Perpustakaan\bin\Debug\Peminjaman.rpt:Invalid report version.
02/25/19, 16:47:07, 4, 0, D:\Danuar's Files\Project Visual Basic\Perpustakaan\Perpustakaan\bin\Debug\Peminjaman.rpt:Invalid report version.
02/25/19, 16:47:08, 4, 0, D:\Danuar's Files\Project Visual Basic\Perpustakaan\Perpustakaan\bin\Debug\Peminjaman.rpt:Invalid report version.
02/25/19, 17:02:58, 4, 0, D:\Danuar's Files\Project Visual Basic\Perpustakaan\Perpustakaan\bin\Debug\Peminjaman.rpt:Invalid report version.
02/25/19, 17:02:58, 4, 0, D:\Danuar's Files\Project Visual Basic\Perpustakaan\Perpustakaan\bin\Debug\Peminjaman.rpt:Invalid report version.
02/25/19, 18:30:14, 4, 0, D:\Danuar's Files\Project Visual Basic\Perpustakaan\Perpustakaan\bin\Debug\Peminjaman.rpt:Server has not yet been opened.
02/25/19, 18:33:23, 4, 0, D:\Danuar's Files\Project Visual Basic\Perpustakaan\Perpustakaan\bin\Debug\Peminjaman.rpt:Server has not yet been opened.
02/25/19, 18:33:46, 4, 0, D:\Danuar's Files\Project Visual Basic\Perpustakaan\Perpustakaan\bin\Debug\Peminjaman.rpt:Server has not yet been opened.
02/25/19, 18:37:39, 4, 0, D:\Danuar's Files\Project Visual Basic\Perpustakaan\Perpustakaan\bin\Debug\Peminjaman.rpt:Server has not yet been opened.
02/25/19, 18:38:02, 4, 0, D:\Danuar's Files\Project Visual Basic\Perpustakaan\Perpustakaan\bin\Debug\Peminjaman.rpt:Server has not yet been opened.
02/25/19, 18:45:49, 4, 0, D:\Danuar's Files\Project Visual Basic\Perpustakaan\Perpustakaan\bin\Debug\Peminjaman.rpt:Server has not yet been opened.
02/26/19, 17:28:11, 4, 0, D:\Danuar's Files\Project Visual Basic\Perpustakaan\Perpustakaan\bin\Debug\Peminjaman.rpt:Server has not yet been opened.
02/26/19, 17:33:02, 4, 0, D:\Danuar's Files\Project Visual Basic\Perpustakaan\Perpustakaan\bin\Debug\Peminjaman.rpt:Server has not yet been opened.
02/26/19, 19:41:19, 4, 0, D:\Danuar's Files\Project Visual Basic\Perpustakaan\Perpustakaan\bin\Debug\Peminjaman.rpt:Server has not yet been opened.
02/26/19, 19:43:10, 4, 0, D:\Danuar's Files\Project Visual Basic\Perpustakaan\Perpustakaan\bin\Debug\Peminjaman.rpt:Server has not yet been opened.
02/26/19, 23:33:07, 4, 0, D:\Danuar's Files\Project Visual Basic\Perpustakaan\Perpustakaan\bin\Debug\LaporanPeminjaman.rpt:This field name is not known.
02/26/19, 23:35:01, 4, 0, D:\Danuar's Files\Project Visual Basic\Perpustakaan\Perpustakaan\bin\Debug\LaporanPeminjaman.rpt:This field name is not known.
02/26/19, 23:37:47, 4, 0, D:\Danuar's Files\Project Visual Basic\Perpustakaan\Perpustakaan\bin\Debug\LaporanPeminjaman.rpt:This field name is not known.
02/26/19, 23:40:11, 4, 0, D:\Danuar's Files\Project Visual Basic\Perpustakaan\Perpustakaan\bin\Debug\LaporanPeminjaman.rpt:This field name is not known.
02/26/19, 23:42:37, 4, 0, D:\Danuar's Files\Project Visual Basic\Perpustakaan\Perpustakaan\bin\Debug\LaporanPeminjaman.rpt:This field name is not known.
02/26/19, 23:43:24, 4, 0, D:\Danuar's Files\Project Visual Basic\Perpustakaan\Perpustakaan\bin\Debug\LaporanPeminjaman.rpt:This field name is not known.
02/26/19, 23:45:48, 4, 0, D:\Danuar's Files\Project Visual Basic\Perpustakaan\Perpustakaan\bin\Debug\LaporanPeminjaman.rpt:This field name is not known.
02/26/19, 23:49:21, 4, 0, D:\Danuar's Files\Project Visual Basic\Perpustakaan\Perpustakaan\bin\Debug\LaporanPeminjaman.rpt:A string is required here.
02/26/19, 23:50:36, 4, 0, D:\Danuar's Files\Project Visual Basic\Perpustakaan\Perpustakaan\bin\Debug\LaporanPeminjaman.rpt:A string is required here.
02/26/19, 23:52:06, 4, 0, D:\Danuar's Files\Project Visual Basic\Perpustakaan\Perpustakaan\bin\Debug\LaporanPeminjaman.rpt:The ) is missing.
03/01/19, 18:49:20, 4, 0, D:\Danuar's Files\Project Visual Basic\Perpustakaan\Perpustakaan\bin\Debug\Laporan Peminjaman.rpt:The ) is missing.
03/01/19, 18:49:53, 4, 0, D:\Danuar's Files\Project Visual Basic\Perpustakaan\Perpustakaan\bin\Debug\Laporan Peminjaman.rpt:The ) is missing.
03/01/19, 18:50:23, 4, 0, D:\Danuar's Files\Project Visual Basic\Perpustakaan\Perpustakaan\bin\Debug\Laporan Peminjaman.rpt:The ) is missing.
03/01/19, 18:51:50, 4, 0, D:\Danuar's Files\Project Visual Basic\Perpustakaan\Perpustakaan\bin\Debug\Laporan Peminjaman.rpt:The ) is missing.
03/01/19, 18:53:11, 4, 0, D:\Danuar's Files\Project Visual Basic\Perpustakaan\Perpustakaan\bin\Debug\Laporan Peminjaman.rpt:The ) is missing.
03/01/19, 18:55:41, 4, 0, D:\Danuar's Files\Project Visual Basic\Perpustakaan\Perpustakaan\bin\Debug\Laporan Peminjaman.rpt:The ) is missing.
03/01/19, 19:14:03, 4, 0, D:\Danuar's Files\Project Visual Basic\Perpustakaan\Perpustakaan\bin\Debug\Laporan Peminjaman.rpt:The ) is missing.
03/01/19, 19:14:52, 4, 0, D:\Danuar's Files\Project Visual Basic\Perpustakaan\Perpustakaan\bin\Debug\Laporan Peminjaman.rpt:The ) is missing.
03/01/19, 19:16:18, 4, 0, D:\Danuar's Files\Project Visual Basic\Perpustakaan\Perpustakaan\bin\Debug\Laporan Peminjaman.rpt:The ) is missing.
03/09/19, 11:26:11, 4, 0, D:\Danuar's Files\Project Visual Basic\Perpustakaan\Perpustakaan\bin\Debug\Laporan Peminjaman.rpt:The ) is missing.
03/09/19, 16:44:57, 4, 0, D:\Danuar's Files\Project Visual Basic\Perpustakaan\Perpustakaan\bin\Debug\NotaPengembalian.rpt:This field name is not known.
